<?xml version="1.0" encoding="UTF-8"?>
<!-- Generated by org.testng.reporters.JUnitXMLReporter -->
<testsuite ignored="0" hostname="LAPTOP-B2STEMNG" failures="0" tests="3" name="Default test" time="17.873" errors="0" timestamp="2024-11-12T11:17:39 IST">
  <testcase classname="demoTestNG2.demoDataProvider" name="f" time="1.052"/>
  <testcase classname="demoTestNG2.demoDataProvider" name="f" time="5.465"/>
  <testcase classname="demoTestNG2.demoDataProvider" name="f" time="2.779"/>
</testsuite> <!-- Default test -->
