<?xml version="1.0" encoding="UTF-8"?>
<!-- Generated by org.testng.reporters.JUnitXMLReporter -->
<testsuite ignored="0" hostname="LAPTOP-B2STEMNG" failures="0" tests="5" name="DemoTestPrallel" time="103.975" errors="0" timestamp="2024-11-12T11:32:36 IST">
  <testcase classname="demoTestNG2.demoDataProvider" name="f" time="0.537"/>
  <testcase classname="demoTestNG2.demoDataProvider" name="f" time="5.312"/>
  <testcase classname="demoTestNG2.demoDataProvider" name="f" time="5.279"/>
  <testcase classname="demoTestNG2.demoAssertion" name="f" time="2.668"/>
  <testcase classname="demoTestNG2.demoAssertion" name="sauce" time="68.187"/>
</testsuite> <!-- DemoTestPrallel -->
