<?xml version="1.0" encoding="UTF-8"?>
<testng-results ignored="0" total="1" passed="1" failed="0" skipped="0">
  <reporter-output>
  </reporter-output>
  <suite started-at="2024-11-11T11:33:16 IST" name="Default suite" finished-at="2024-11-11T11:33:22 IST" duration-ms="6113">
    <groups>
    </groups>
    <test started-at="2024-11-11T11:33:16 IST" name="Default test" finished-at="2024-11-11T11:33:22 IST" duration-ms="6113">
      <class name="demoTestNG.demoSauce3">
        <test-method is-config="true" signature="beforeClass()[pri:0, instance:demoTestNG.demoSauce3@28eaa59a]" started-at="2024-11-11T11:33:16 IST" name="beforeClass" finished-at="2024-11-11T11:33:18 IST" duration-ms="1655" status="PASS">
          <reporter-output>
          </reporter-output>
        </test-method> <!-- beforeClass -->
        <test-method is-config="true" signature="beforeMethod()[pri:0, instance:demoTestNG.demoSauce3@28eaa59a]" started-at="2024-11-11T11:33:18 IST" name="beforeMethod" finished-at="2024-11-11T11:33:21 IST" duration-ms="3274" status="PASS">
          <reporter-output>
          </reporter-output>
        </test-method> <!-- beforeMethod -->
        <test-method signature="login()[pri:0, instance:demoTestNG.demoSauce3@28eaa59a]" started-at="2024-11-11T11:33:21 IST" name="login" finished-at="2024-11-11T11:33:22 IST" duration-ms="735" status="PASS">
          <reporter-output>
          </reporter-output>
        </test-method> <!-- login -->
        <test-method is-config="true" signature="logout()[pri:0, instance:demoTestNG.demoSauce3@28eaa59a]" started-at="2024-11-11T11:33:22 IST" name="logout" finished-at="2024-11-11T11:33:22 IST" duration-ms="401" status="PASS">
          <reporter-output>
          </reporter-output>
        </test-method> <!-- logout -->
        <test-method is-config="true" signature="close()[pri:0, instance:demoTestNG.demoSauce3@28eaa59a]" started-at="2024-11-11T11:33:22 IST" name="close" finished-at="2024-11-11T11:33:22 IST" duration-ms="141" status="PASS">
          <reporter-output>
          </reporter-output>
        </test-method> <!-- close -->
      </class> <!-- demoTestNG.demoSauce3 -->
    </test> <!-- Default test -->
  </suite> <!-- Default suite -->
</testng-results>
